2025-02-11 11:13:51 - info - /favorite/manga-to-favorite - cf61c889-a2bf-4e03-bd5b-b32a6795f8cd - input params ::PATCH - {}
2025-02-11 14:54:04 - info - /favorite/manga-to-favorite - 0f54ff7e-5135-47c2-bda0-0f117491f9ed - input params ::POST - {"manga_id":1,"fav_id":1}
2025-02-11 14:55:27 - info - /favorite/manga-to-favorite - 90bf6e59-54ef-41fb-afc9-e788db1fa25f - input params ::POST - {"manga_id":2,"fav_id":1}
2025-02-11 14:59:20 - info - /auth/login - d261673b-e1fc-4ce0-85e8-923914df6295 - input params ::POST - {"usr_email":"user123@example.com","usr_password":"user123"}
2025-02-11 15:01:10 - info - /favorite/manga-to-favorite - 88ba575e-b368-4938-9641-479eb222aab6 - input params ::POST - {"manga_id":1,"fav_id":1}
2025-02-11 15:02:11 - info - /favorite/manga-to-favorite - 88806678-ff9f-4105-97fd-098667b12a2c - input params ::POST - {"manga_id":1,"fav_id":1}
2025-02-11 15:02:11 - error - /favorite/manga-to-favorite - 9f96207b-c352-48f6-bb4f-1574ce76c2e8 - Validation error::[SequelizeUniqueConstraintError] - 500 - Error
    at Query.run (E:\Work code\web project\Manga\server\node_modules\sequelize\src\dialects\mysql\query.js:46:25)
    at <anonymous> (E:\Work code\web project\Manga\server\node_modules\sequelize\src\sequelize.js:650:28)
    at process.processTicksAndRejections (node:internal/process/task_queues:95:5)
    at MySQLQueryInterface.insert (E:\Work code\web project\Manga\server\node_modules\sequelize\src\dialects\abstract\query-interface.js:795:21)
    at FavoriteDetail.save (E:\Work code\web project\Manga\server\node_modules\sequelize\src\model.js:4154:35)
    at Function.create (E:\Work code\web project\Manga\server\node_modules\sequelize\src\model.js:2305:12)
    at FavoriteRepo.addMangaToFavorite (E:\Work code\web project\Manga\server\src\modules\favorite\favorite.repo.ts:21:12)
    at FavoriteService.addMangaToFavorite (E:\Work code\web project\Manga\server\src\modules\favorite\favorite.service.ts:12:29)
    at FavoriteController.addMangaToFavorite (E:\Work code\web project\Manga\server\src\modules\favorite\favorite.controller.ts:30:7)
2025-02-11 15:02:23 - info - /favorite/manga-to-favorite - dd5b2671-8086-4309-a8ff-e7fa4f5dd44d - input params ::POST - {"manga_id":2,"fav_id":1}
2025-02-11 15:05:09 - info - /favorite/manga-to-favorite - c30d7404-353b-488a-b4d1-75a1922146ad - input params ::POST - {"manga_id":4,"fav_id":1}
2025-02-11 15:31:06 - info - /favorite/manga-to-favorite - f6d378fc-b282-4553-8257-d0936069b1a1 - input params ::POST - {"manga_id":4,"fav_id":1}
2025-02-11 15:31:06 - error - /favorite/manga-to-favorite - 6c427ad6-e58e-4497-9fb7-6775cb5ddf95 - Validation error::[SequelizeUniqueConstraintError] - 500 - Error
    at Query.run (E:\Work code\web project\Manga\server\node_modules\sequelize\src\dialects\mysql\query.js:46:25)
    at <anonymous> (E:\Work code\web project\Manga\server\node_modules\sequelize\src\sequelize.js:650:28)
    at process.processTicksAndRejections (node:internal/process/task_queues:95:5)
    at MySQLQueryInterface.insert (E:\Work code\web project\Manga\server\node_modules\sequelize\src\dialects\abstract\query-interface.js:795:21)
    at FavoriteDetail.save (E:\Work code\web project\Manga\server\node_modules\sequelize\src\model.js:4154:35)
    at Function.create (E:\Work code\web project\Manga\server\node_modules\sequelize\src\model.js:2305:12)
    at FavoriteRepo.addMangaToFavorite (E:\Work code\web project\Manga\server\src\modules\favorite\favorite.repo.ts:21:12)
    at FavoriteService.addMangaToFavorite (E:\Work code\web project\Manga\server\src\modules\favorite\favorite.service.ts:21:29)
    at FavoriteController.addMangaToFavorite (E:\Work code\web project\Manga\server\src\modules\favorite\favorite.controller.ts:30:7)
2025-02-11 15:31:13 - info - /favorite/manga-to-favorite - 2ee3a4f4-6d51-4f1e-8acb-05de082b7022 - input params ::POST - {"manga_id":3,"fav_id":1}
2025-02-11 15:31:13 - error - /favorite/manga-to-favorite - 2a027b0a-9fd7-487b-8d8d-e7bfcb4f755d - Not found manga - 400 - HttpException: Not found manga
    at MangaService.findMangaById (E:\Work code\web project\Manga\server\src\modules\manga\manga.service.ts:165:13)
    at process.processTicksAndRejections (node:internal/process/task_queues:95:5)
    at FavoriteService.addMangaToFavorite (E:\Work code\web project\Manga\server\src\modules\favorite\favorite.service.ts:16:5)
    at FavoriteController.addMangaToFavorite (E:\Work code\web project\Manga\server\src\modules\favorite\favorite.controller.ts:30:7)
2025-02-11 15:35:07 - info - /favorite/manga-to-favorite - 646aadd1-2314-4537-9e89-c01b7a15c171 - input params ::POST - {"manga_id":3,"fav_id":1}
2025-02-11 15:35:07 - error - /favorite/manga-to-favorite - cfa4a387-eec2-457a-bb56-574554c67911 - Not found manga - 400 - HttpException: Not found manga
    at MangaService.findMangaById (E:\Work code\web project\Manga\server\src\modules\manga\manga.service.ts:165:13)
    at process.processTicksAndRejections (node:internal/process/task_queues:95:5)
    at FavoriteService.addMangaToFavorite (E:\Work code\web project\Manga\server\src\modules\favorite\favorite.service.ts:17:5)
    at FavoriteController.addMangaToFavorite (E:\Work code\web project\Manga\server\src\modules\favorite\favorite.controller.ts:30:7)
2025-02-11 16:55:37 - info - /favorite/manga-from-favorite - 99b91287-07c3-4572-9945-c31e6fadd1ba - input params ::DELETE - {}
2025-02-11 16:56:14 - info - /favorite/manga-from-favorite - 6951cbfd-fd7c-413b-900e-c54cc959b42f - input params ::DELETE - {}
2025-02-11 17:11:06 - info - /favorite/manga-to-favorite - dd515c91-aa35-4413-ae95-3995be414f85 - input params ::POST - {"manga_id":2,"fav_id":1}
2025-02-11 17:13:27 - info - /favorite/manga-from-favorite - 8199298e-1bdf-4a06-b4c8-4b01025b4b19 - input params ::GET - {}
2025-02-11 17:13:27 - error - /favorite/manga-from-favorite - 21c82d00-c820-4628-a338-30423dcef4aa - Not found favorite - 400 - HttpException: Not found favorite
    at FavoriteService.getListMangaFromFavorite (E:\Work code\web project\Manga\server\src\modules\favorite\favorite.service.ts:49:13)
    at process.processTicksAndRejections (node:internal/process/task_queues:95:5)
    at FavoriteController.getListMangaFromFavorite (E:\Work code\web project\Manga\server\src\modules\favorite\favorite.controller.ts:94:18)
2025-02-11 17:16:06 - info - /favorite/manga-from-favorite - 7c912d4e-3425-4931-853c-d33a14b03b8a - input params ::GET - {}
2025-02-11 17:16:06 - error - /favorite/manga-from-favorite - c3144953-e721-4526-9c6b-ebe6a384ea2e - Not found favorite - 400 - HttpException: Not found favorite
    at FavoriteService.getListMangaFromFavorite (E:\Work code\web project\Manga\server\src\modules\favorite\favorite.service.ts:50:13)
    at process.processTicksAndRejections (node:internal/process/task_queues:95:5)
    at FavoriteController.getListMangaFromFavorite (E:\Work code\web project\Manga\server\src\modules\favorite\favorite.controller.ts:94:18)
2025-02-11 17:16:39 - info - /favorite/manga-from-favorite - 57ec0eb5-f763-48fc-b709-33f5e2771f2e - input params ::GET - {}
2025-02-11 17:16:39 - error - /favorite/manga-from-favorite - cc66f798-f92e-4614-9ff0-3721161dd813 - Not found favorite - 400 - HttpException: Not found favorite
    at FavoriteService.getListMangaFromFavorite (E:\Work code\web project\Manga\server\src\modules\favorite\favorite.service.ts:50:13)
    at process.processTicksAndRejections (node:internal/process/task_queues:95:5)
    at FavoriteController.getListMangaFromFavorite (E:\Work code\web project\Manga\server\src\modules\favorite\favorite.controller.ts:95:18)
2025-02-11 17:17:14 - info - /favorite/manga-from-favorite - 4bc80da2-0097-41b3-b6ee-651ba8741dff - input params ::GET - {}
2025-02-11 17:17:14 - error - /favorite/manga-from-favorite - d97f5f52-9912-48ed-98cc-f0982d564c83 - Not found favorite - 400 - HttpException: Not found favorite
    at FavoriteService.getListMangaFromFavorite (E:\Work code\web project\Manga\server\src\modules\favorite\favorite.service.ts:50:13)
    at process.processTicksAndRejections (node:internal/process/task_queues:95:5)
    at FavoriteController.getListMangaFromFavorite (E:\Work code\web project\Manga\server\src\modules\favorite\favorite.controller.ts:94:18)
2025-02-11 17:17:22 - info - /favorite/manga-from-favorite - a14c3d96-724c-46f5-8529-bd3df92ef6b3 - input params ::GET - {}
2025-02-11 17:17:22 - error - /favorite/manga-from-favorite - 06c9aa0f-c304-497c-a89f-ad2e354f0abc - Not found favorite - 400 - HttpException: Not found favorite
    at FavoriteService.getListMangaFromFavorite (E:\Work code\web project\Manga\server\src\modules\favorite\favorite.service.ts:50:13)
    at process.processTicksAndRejections (node:internal/process/task_queues:95:5)
    at FavoriteController.getListMangaFromFavorite (E:\Work code\web project\Manga\server\src\modules\favorite\favorite.controller.ts:95:18)
2025-02-11 17:18:11 - info - /favorite/manga-from-favorite - cb83f44d-91a9-4978-bfd8-d75d3a615ff5 - input params ::GET - {}
2025-02-11 17:18:11 - error - /favorite/manga-from-favorite - fddd5b2a-565f-4126-8b80-9e3161e89fd1 - Not found favorite - 400 - HttpException: Not found favorite
    at FavoriteService.getListMangaFromFavorite (E:\Work code\web project\Manga\server\src\modules\favorite\favorite.service.ts:50:13)
    at process.processTicksAndRejections (node:internal/process/task_queues:95:5)
    at FavoriteController.getListMangaFromFavorite (E:\Work code\web project\Manga\server\src\modules\favorite\favorite.controller.ts:95:18)
2025-02-11 20:44:40 - info - /favorite/manga-from-favorite/1 - ff604647-ef1c-4250-9678-b11778097ca6 - input params ::GET - {}
2025-02-11 20:47:58 - info - /favorite/manga-from-favorite/1 - 7739dc51-c106-442d-8694-627a0d758f4e - input params ::GET - {}
2025-02-11 20:48:10 - info - /favorite/manga-from-favorite/2 - c14ba747-c050-46ba-af1b-269fd2061742 - input params ::GET - {}
2025-02-11 20:48:10 - error - /favorite/manga-from-favorite/2 - 7106fc59-4707-4f1e-94c9-867e56c29337 - Not found favorite - 400 - HttpException: Not found favorite
    at FavoriteService.getListMangaFromFavorite (E:\Work code\web project\Manga\server\src\modules\favorite\favorite.service.ts:49:13)
    at process.processTicksAndRejections (node:internal/process/task_queues:95:5)
    at FavoriteController.getListMangaFromFavorite (E:\Work code\web project\Manga\server\src\modules\favorite\favorite.controller.ts:94:18)
2025-02-11 20:48:14 - info - /favorite/manga-from-favorite/1 - b05bcd22-e3cf-497c-ab3d-c897864c4685 - input params ::GET - {}
2025-02-11 22:48:54 - info - /favorite/manga-from-favorite/1 - 5a9fc3da-c408-4cd5-ae84-01871cc12196 - input params ::GET - {}
2025-02-11 22:50:03 - info - /favorite/manga-to-favorite - 50b3af76-c092-49c0-9710-97c3e54b2f02 - input params ::POST - {"manga_id":5,"fav_id":1}
2025-02-11 22:50:11 - info - /favorite/manga-from-favorite/1 - 2f81cae3-2771-4806-bc42-86210ae67e21 - input params ::GET - {}
2025-02-11 22:50:29 - info - /favorite/manga-from-favorite - 007f787d-1419-4234-bacb-a64a1e0713db - input params ::DELETE - {}
2025-02-11 22:50:29 - error - /favorite/manga-from-favorite - efe79620-1918-4b76-8f88-6b1ef7e3bc79 - Failed to delete manga from favorite - 400 - HttpException: Failed to delete manga from favorite
    at FavoriteService.deleteMangaFromFavorite (E:\Work code\web project\Manga\server\src\modules\favorite\favorite.service.ts:55:13)
    at process.processTicksAndRejections (node:internal/process/task_queues:95:5)
    at FavoriteController.deleteMangaFromFavorite (E:\Work code\web project\Manga\server\src\modules\favorite\favorite.controller.ts:69:18)
2025-02-11 22:50:39 - info - /favorite/manga-from-favorite - ae3690b6-1788-4559-bf54-80602ae05acf - input params ::DELETE - {}
2025-02-11 22:50:55 - info - /favorite/manga-from-favorite/1 - 157fa2de-27b0-4348-8157-8c98ab4081f5 - input params ::GET - {}
2025-02-11 22:51:25 - info - /user/sign-up - 4da71141-503c-4086-8860-7f1dfef73cdd - input params ::POST - {"usr_email":"abcxyz@gmail.com","usr_password":"dungpro123","usr_name":"abc xs"}
2025-02-11 22:52:08 - info - /favorite/manga-from-favorite/289085150 - 958dd882-4b9a-4943-ac3d-e8ff0a563abc - input params ::GET - {}
2025-02-11 22:52:08 - error - /favorite/manga-from-favorite/289085150 - 9e921c3e-4f28-4409-9a2b-90a6fb799eff - Not found favorite - 400 - HttpException: Not found favorite
    at FavoriteService.getListMangaFromFavorite (E:\Work code\web project\Manga\server\src\modules\favorite\favorite.service.ts:71:13)
    at process.processTicksAndRejections (node:internal/process/task_queues:95:5)
    at FavoriteController.getListMangaFromFavorite (E:\Work code\web project\Manga\server\src\modules\favorite\favorite.controller.ts:98:18)
2025-02-11 22:52:29 - info - /favorite/manga-from-favorite/1 - 386278b8-9af6-4228-820a-edcec24a748a - input params ::GET - {}
2025-02-11 22:52:42 - info - /favorite/manga-from-favorite - 29b995a4-b891-41a5-a668-38f183a722a2 - input params ::DELETE - {}
2025-02-11 22:52:57 - info - /favorite/manga-from-favorite - d72ed8c5-91a4-4d1d-a67b-ef36b60cc66b - input params ::DELETE - {}
2025-02-11 22:52:57 - error - /favorite/manga-from-favorite - 43b4064e-4400-415f-b3a2-9cccb976ef73 - Not found favorite - 400 - HttpException: Not found favorite
    at FavoriteService.deleteMangaFromFavorite (E:\Work code\web project\Manga\server\src\modules\favorite\favorite.service.ts:48:13)
    at process.processTicksAndRejections (node:internal/process/task_queues:95:5)
    at FavoriteController.deleteMangaFromFavorite (E:\Work code\web project\Manga\server\src\modules\favorite\favorite.controller.ts:69:18)
2025-02-11 22:53:23 - info - /favorite/manga-from-favorite - 45655b05-ea46-4497-98df-a5e9965f5ae5 - input params ::DELETE - {}
2025-02-11 22:53:23 - error - /favorite/manga-from-favorite - 2920490b-f88e-44cc-9881-16669e29716c - Not found favorite - 400 - HttpException: Not found favorite
    at FavoriteService.deleteMangaFromFavorite (E:\Work code\web project\Manga\server\src\modules\favorite\favorite.service.ts:48:13)
    at process.processTicksAndRejections (node:internal/process/task_queues:95:5)
    at FavoriteController.deleteMangaFromFavorite (E:\Work code\web project\Manga\server\src\modules\favorite\favorite.controller.ts:69:18)
2025-02-11 22:53:32 - info - /favorite/manga-to-favorite - 5fe041e2-7554-4a28-a360-d1a4982416ab - input params ::POST - {"manga_id":5,"fav_id":1}
2025-02-11 22:53:48 - info - /favorite/manga-to-favorite - 64d6fea9-ad34-4fdc-9a1d-11ddc06f2175 - input params ::POST - {"manga_id":5,"fav_id":289085150}
2025-02-11 22:53:48 - error - /favorite/manga-to-favorite - fb2db369-2fa5-44eb-8c8c-c0d8406c0389 - Not found favorite - 400 - HttpException: Not found favorite
    at FavoriteService.addMangaToFavorite (E:\Work code\web project\Manga\server\src\modules\favorite\favorite.service.ts:22:13)
    at process.processTicksAndRejections (node:internal/process/task_queues:95:5)
    at FavoriteController.addMangaToFavorite (E:\Work code\web project\Manga\server\src\modules\favorite\favorite.controller.ts:45:18)
2025-02-11 22:53:58 - info - /favorite/manga-to-favorite - 595f34b8-cae1-4766-93e0-df3731d663dc - input params ::POST - {"manga_id":1,"fav_id":1}
