2025-02-11 15:02:11 - error - /favorite/manga-to-favorite - 9f96207b-c352-48f6-bb4f-1574ce76c2e8 - Validation error::[SequelizeUniqueConstraintError] - 500 - Error
    at Query.run (E:\Work code\web project\Manga\server\node_modules\sequelize\src\dialects\mysql\query.js:46:25)
    at <anonymous> (E:\Work code\web project\Manga\server\node_modules\sequelize\src\sequelize.js:650:28)
    at process.processTicksAndRejections (node:internal/process/task_queues:95:5)
    at MySQLQueryInterface.insert (E:\Work code\web project\Manga\server\node_modules\sequelize\src\dialects\abstract\query-interface.js:795:21)
    at FavoriteDetail.save (E:\Work code\web project\Manga\server\node_modules\sequelize\src\model.js:4154:35)
    at Function.create (E:\Work code\web project\Manga\server\node_modules\sequelize\src\model.js:2305:12)
    at FavoriteRepo.addMangaToFavorite (E:\Work code\web project\Manga\server\src\modules\favorite\favorite.repo.ts:21:12)
    at FavoriteService.addMangaToFavorite (E:\Work code\web project\Manga\server\src\modules\favorite\favorite.service.ts:12:29)
    at FavoriteController.addMangaToFavorite (E:\Work code\web project\Manga\server\src\modules\favorite\favorite.controller.ts:30:7)
2025-02-11 15:31:06 - error - /favorite/manga-to-favorite - 6c427ad6-e58e-4497-9fb7-6775cb5ddf95 - Validation error::[SequelizeUniqueConstraintError] - 500 - Error
    at Query.run (E:\Work code\web project\Manga\server\node_modules\sequelize\src\dialects\mysql\query.js:46:25)
    at <anonymous> (E:\Work code\web project\Manga\server\node_modules\sequelize\src\sequelize.js:650:28)
    at process.processTicksAndRejections (node:internal/process/task_queues:95:5)
    at MySQLQueryInterface.insert (E:\Work code\web project\Manga\server\node_modules\sequelize\src\dialects\abstract\query-interface.js:795:21)
    at FavoriteDetail.save (E:\Work code\web project\Manga\server\node_modules\sequelize\src\model.js:4154:35)
    at Function.create (E:\Work code\web project\Manga\server\node_modules\sequelize\src\model.js:2305:12)
    at FavoriteRepo.addMangaToFavorite (E:\Work code\web project\Manga\server\src\modules\favorite\favorite.repo.ts:21:12)
    at FavoriteService.addMangaToFavorite (E:\Work code\web project\Manga\server\src\modules\favorite\favorite.service.ts:21:29)
    at FavoriteController.addMangaToFavorite (E:\Work code\web project\Manga\server\src\modules\favorite\favorite.controller.ts:30:7)
2025-02-11 15:31:13 - error - /favorite/manga-to-favorite - 2a027b0a-9fd7-487b-8d8d-e7bfcb4f755d - Not found manga - 400 - HttpException: Not found manga
    at MangaService.findMangaById (E:\Work code\web project\Manga\server\src\modules\manga\manga.service.ts:165:13)
    at process.processTicksAndRejections (node:internal/process/task_queues:95:5)
    at FavoriteService.addMangaToFavorite (E:\Work code\web project\Manga\server\src\modules\favorite\favorite.service.ts:16:5)
    at FavoriteController.addMangaToFavorite (E:\Work code\web project\Manga\server\src\modules\favorite\favorite.controller.ts:30:7)
2025-02-11 15:35:07 - error - /favorite/manga-to-favorite - cfa4a387-eec2-457a-bb56-574554c67911 - Not found manga - 400 - HttpException: Not found manga
    at MangaService.findMangaById (E:\Work code\web project\Manga\server\src\modules\manga\manga.service.ts:165:13)
    at process.processTicksAndRejections (node:internal/process/task_queues:95:5)
    at FavoriteService.addMangaToFavorite (E:\Work code\web project\Manga\server\src\modules\favorite\favorite.service.ts:17:5)
    at FavoriteController.addMangaToFavorite (E:\Work code\web project\Manga\server\src\modules\favorite\favorite.controller.ts:30:7)
2025-02-11 17:13:27 - error - /favorite/manga-from-favorite - 21c82d00-c820-4628-a338-30423dcef4aa - Not found favorite - 400 - HttpException: Not found favorite
    at FavoriteService.getListMangaFromFavorite (E:\Work code\web project\Manga\server\src\modules\favorite\favorite.service.ts:49:13)
    at process.processTicksAndRejections (node:internal/process/task_queues:95:5)
    at FavoriteController.getListMangaFromFavorite (E:\Work code\web project\Manga\server\src\modules\favorite\favorite.controller.ts:94:18)
2025-02-11 17:16:06 - error - /favorite/manga-from-favorite - c3144953-e721-4526-9c6b-ebe6a384ea2e - Not found favorite - 400 - HttpException: Not found favorite
    at FavoriteService.getListMangaFromFavorite (E:\Work code\web project\Manga\server\src\modules\favorite\favorite.service.ts:50:13)
    at process.processTicksAndRejections (node:internal/process/task_queues:95:5)
    at FavoriteController.getListMangaFromFavorite (E:\Work code\web project\Manga\server\src\modules\favorite\favorite.controller.ts:94:18)
2025-02-11 17:16:39 - error - /favorite/manga-from-favorite - cc66f798-f92e-4614-9ff0-3721161dd813 - Not found favorite - 400 - HttpException: Not found favorite
    at FavoriteService.getListMangaFromFavorite (E:\Work code\web project\Manga\server\src\modules\favorite\favorite.service.ts:50:13)
    at process.processTicksAndRejections (node:internal/process/task_queues:95:5)
    at FavoriteController.getListMangaFromFavorite (E:\Work code\web project\Manga\server\src\modules\favorite\favorite.controller.ts:95:18)
2025-02-11 17:17:14 - error - /favorite/manga-from-favorite - d97f5f52-9912-48ed-98cc-f0982d564c83 - Not found favorite - 400 - HttpException: Not found favorite
    at FavoriteService.getListMangaFromFavorite (E:\Work code\web project\Manga\server\src\modules\favorite\favorite.service.ts:50:13)
    at process.processTicksAndRejections (node:internal/process/task_queues:95:5)
    at FavoriteController.getListMangaFromFavorite (E:\Work code\web project\Manga\server\src\modules\favorite\favorite.controller.ts:94:18)
2025-02-11 17:17:22 - error - /favorite/manga-from-favorite - 06c9aa0f-c304-497c-a89f-ad2e354f0abc - Not found favorite - 400 - HttpException: Not found favorite
    at FavoriteService.getListMangaFromFavorite (E:\Work code\web project\Manga\server\src\modules\favorite\favorite.service.ts:50:13)
    at process.processTicksAndRejections (node:internal/process/task_queues:95:5)
    at FavoriteController.getListMangaFromFavorite (E:\Work code\web project\Manga\server\src\modules\favorite\favorite.controller.ts:95:18)
2025-02-11 17:18:11 - error - /favorite/manga-from-favorite - fddd5b2a-565f-4126-8b80-9e3161e89fd1 - Not found favorite - 400 - HttpException: Not found favorite
    at FavoriteService.getListMangaFromFavorite (E:\Work code\web project\Manga\server\src\modules\favorite\favorite.service.ts:50:13)
    at process.processTicksAndRejections (node:internal/process/task_queues:95:5)
    at FavoriteController.getListMangaFromFavorite (E:\Work code\web project\Manga\server\src\modules\favorite\favorite.controller.ts:95:18)
2025-02-11 20:48:10 - error - /favorite/manga-from-favorite/2 - 7106fc59-4707-4f1e-94c9-867e56c29337 - Not found favorite - 400 - HttpException: Not found favorite
    at FavoriteService.getListMangaFromFavorite (E:\Work code\web project\Manga\server\src\modules\favorite\favorite.service.ts:49:13)
    at process.processTicksAndRejections (node:internal/process/task_queues:95:5)
    at FavoriteController.getListMangaFromFavorite (E:\Work code\web project\Manga\server\src\modules\favorite\favorite.controller.ts:94:18)
2025-02-11 22:50:29 - error - /favorite/manga-from-favorite - efe79620-1918-4b76-8f88-6b1ef7e3bc79 - Failed to delete manga from favorite - 400 - HttpException: Failed to delete manga from favorite
    at FavoriteService.deleteMangaFromFavorite (E:\Work code\web project\Manga\server\src\modules\favorite\favorite.service.ts:55:13)
    at process.processTicksAndRejections (node:internal/process/task_queues:95:5)
    at FavoriteController.deleteMangaFromFavorite (E:\Work code\web project\Manga\server\src\modules\favorite\favorite.controller.ts:69:18)
2025-02-11 22:52:08 - error - /favorite/manga-from-favorite/289085150 - 9e921c3e-4f28-4409-9a2b-90a6fb799eff - Not found favorite - 400 - HttpException: Not found favorite
    at FavoriteService.getListMangaFromFavorite (E:\Work code\web project\Manga\server\src\modules\favorite\favorite.service.ts:71:13)
    at process.processTicksAndRejections (node:internal/process/task_queues:95:5)
    at FavoriteController.getListMangaFromFavorite (E:\Work code\web project\Manga\server\src\modules\favorite\favorite.controller.ts:98:18)
2025-02-11 22:52:57 - error - /favorite/manga-from-favorite - 43b4064e-4400-415f-b3a2-9cccb976ef73 - Not found favorite - 400 - HttpException: Not found favorite
    at FavoriteService.deleteMangaFromFavorite (E:\Work code\web project\Manga\server\src\modules\favorite\favorite.service.ts:48:13)
    at process.processTicksAndRejections (node:internal/process/task_queues:95:5)
    at FavoriteController.deleteMangaFromFavorite (E:\Work code\web project\Manga\server\src\modules\favorite\favorite.controller.ts:69:18)
2025-02-11 22:53:23 - error - /favorite/manga-from-favorite - 2920490b-f88e-44cc-9881-16669e29716c - Not found favorite - 400 - HttpException: Not found favorite
    at FavoriteService.deleteMangaFromFavorite (E:\Work code\web project\Manga\server\src\modules\favorite\favorite.service.ts:48:13)
    at process.processTicksAndRejections (node:internal/process/task_queues:95:5)
    at FavoriteController.deleteMangaFromFavorite (E:\Work code\web project\Manga\server\src\modules\favorite\favorite.controller.ts:69:18)
2025-02-11 22:53:48 - error - /favorite/manga-to-favorite - fb2db369-2fa5-44eb-8c8c-c0d8406c0389 - Not found favorite - 400 - HttpException: Not found favorite
    at FavoriteService.addMangaToFavorite (E:\Work code\web project\Manga\server\src\modules\favorite\favorite.service.ts:22:13)
    at process.processTicksAndRejections (node:internal/process/task_queues:95:5)
    at FavoriteController.addMangaToFavorite (E:\Work code\web project\Manga\server\src\modules\favorite\favorite.controller.ts:45:18)
