2025-03-07 21:54:21 - info - /auth/login - a3839666-f9c5-4c6e-a5e5-14b92d79eb88 - input params ::POST - {"usr_email":"admin123@gmail.com","usr_password":"admin123"}
2025-03-07 21:54:36 - info - /chapter/4 - fd2496cf-1d17-4428-b277-b6cd78cb2f73 - input params ::POST - {}
2025-03-07 21:55:45 - info - /chapter/2 - ffa88f3c-092f-4545-b401-8e7d5c184403 - input params ::PATCH - {}
2025-03-07 21:56:50 - info - /chapter/1741268603524 - d6d24cae-cb1f-4caf-95cd-03a16190d332 - input params ::PATCH - {}
2025-03-07 22:31:13 - info - /auth/login - 316c7c13-9337-4331-90c8-6b13fdb815f0 - input params ::POST - {"usr_email":"admin123@gmail.com","usr_password":"admin123"}
2025-03-07 22:31:33 - info - /chapter/1 - d6d69f9e-cda3-493b-81aa-208ea543c321 - input params ::PATCH - {}
2025-03-07 22:31:59 - info - /chapter/1 - f5a769fa-7b35-4dca-8128-0fdacf008652 - input params ::PATCH - {}
2025-03-07 22:32:17 - info - /chapter/1 - 3c5a4b4a-501a-4b24-9114-06216da9e486 - input params ::PATCH - {}
2025-03-07 22:35:25 - info - /chapter/1 - 7c8860ba-7711-45a1-8ef1-30986f08f686 - input params ::PATCH - {}
2025-03-07 22:37:41 - info - /chapter/1 - 0b51738e-b64e-42d0-aee3-8f549f83ba71 - input params ::POST - {}
2025-03-07 22:38:55 - info - /chapter/1 - 6867308a-9b7f-4cb6-b133-584dd6146df1 - input params ::POST - {}
2025-03-07 22:40:27 - info - /chapter/2 - 7a121cb5-0ad5-4838-94d4-f3356bbc6182 - input params ::POST - {}
2025-03-07 22:42:12 - info - /chapter/2 - d3284424-d0d3-4939-a38e-aa420e9a1036 - input params ::POST - {}
2025-03-07 22:44:20 - info - /chapter/1741362032441 - d18f71cd-02a5-4c98-a2d6-545165857ade - input params ::PATCH - {}
2025-03-07 22:44:59 - info - /chapter/1741362032441 - 113d3631-09cb-45d5-8028-370b6e7d4826 - input params ::PATCH - {}
2025-03-07 22:45:09 - info - /chapter/1741362032441 - 1358c847-dc93-46c0-9d84-55d5c2a5eeeb - input params ::PATCH - {}
2025-03-07 22:45:21 - info - /chapter/1741362032441 - ecd048dd-c19c-43a7-b804-3ab2dc5628e8 - input params ::PATCH - {}
2025-03-07 22:57:18 - info - /chapter/1741362137363 - d25d5e2d-9398-4527-a9b4-dc81df9024b3 - input params ::PATCH - {}
2025-03-07 23:01:35 - info - /chapter/1741362137363 - 0d142eb1-ddc2-40bb-8ffb-52252d21a05e - input params ::PATCH - {}
2025-03-07 23:12:21 - info - /chapter/2 - 499cc236-ebff-4b37-a80b-49ebbab7163a - input params ::GET - {}
2025-03-07 23:12:30 - info - /chapter/1 - cd4f954a-1798-4c55-a936-1101bcd9cc0a - input params ::GET - {}
2025-03-07 23:12:42 - info - /chapter/details/2 - 5a39675a-f362-4af9-a1b1-cfd4954a31a5 - input params ::GET - {"chapter":"5"}
2025-03-07 23:12:48 - info - /chapter/details/2 - b2508e9c-c21a-4ec2-9ddd-c89ba1b0406e - input params ::GET - {"chapter":"4"}
2025-03-07 23:12:52 - info - /chapter/details/1 - 40ec5081-e29b-441f-899f-3424d39f622a - input params ::GET - {"chapter":"4"}
2025-03-07 23:12:55 - info - /chapter/details/1 - f5bccd69-a3c4-47a7-a032-7399c2f29935 - input params ::GET - {"chapter":"5"}
2025-03-07 23:13:08 - info - /chapter/views/1 - 333e53e4-38e0-43dd-bb15-66cb8dbafb59 - input params ::PATCH - {"chapter":"5"}
